2023-12-20 13:51:14,720 [Worker-5: Loading available Gradle versions] INFO  o.e.b.c.i.u.g.PublishedGradleVersions - Gradle version information cache is up-to-date. Trying to read.
2023-12-20 21:36:26,269 [Worker-5: Loading available Gradle versions] INFO  o.e.b.c.i.u.g.PublishedGradleVersions - Gradle version information cache is up-to-date. Trying to read.
2023-12-20 21:43:14,842 [Worker-22: Launching mavenrun-92b64a6b-7d2f-4df7-ba37-ec5f2c87c59b] INFO  o.eclipse.m2e.core.internal.Bundles - getClasspathEntries(Bundle=org.eclipse.m2e.maven.runtime_3.8.701.20230209-1606 [609])
2023-12-20 21:43:14,862 [Worker-22: Launching mavenrun-92b64a6b-7d2f-4df7-ba37-ec5f2c87c59b] INFO  o.eclipse.m2e.core.internal.Bundles - 	Entry: C:\Users\krishnasai\.p2\pool\plugins\org.eclipse.m2e.maven.runtime_3.8.701.20230209-1606
2023-12-20 21:43:15,160 [Worker-22: Launching mavenrun-92b64a6b-7d2f-4df7-ba37-ec5f2c87c59b] INFO  o.eclipse.m2e.core.internal.Bundles - 	Entry: C:\Users\krishnasai\.p2\pool\plugins\org.eclipse.m2e.maven.runtime_3.8.701.20230209-1606\jars\aether-connector-okhttp-0.17.8.jar
2023-12-20 21:43:15,161 [Worker-22: Launching mavenrun-92b64a6b-7d2f-4df7-ba37-ec5f2c87c59b] INFO  o.eclipse.m2e.core.internal.Bundles - 	Entry: C:\Users\krishnasai\.p2\pool\plugins\org.eclipse.m2e.maven.runtime_3.8.701.20230209-1606\jars\commons-lang3-3.8.1.jar
2023-12-20 21:43:15,161 [Worker-22: Launching mavenrun-92b64a6b-7d2f-4df7-ba37-ec5f2c87c59b] INFO  o.eclipse.m2e.core.internal.Bundles - 	Entry: C:\Users\krishnasai\.p2\pool\plugins\org.eclipse.m2e.maven.runtime_3.8.701.20230209-1606\jars\guice-4.2.2-no_aop.jar
2023-12-20 21:43:15,161 [Worker-22: Launching mavenrun-92b64a6b-7d2f-4df7-ba37-ec5f2c87c59b] INFO  o.eclipse.m2e.core.internal.Bundles - 	Entry: C:\Users\krishnasai\.p2\pool\plugins\org.eclipse.m2e.maven.runtime_3.8.701.20230209-1606\jars\jansi-2.4.0.jar
2023-12-20 21:43:15,163 [Worker-22: Launching mavenrun-92b64a6b-7d2f-4df7-ba37-ec5f2c87c59b] INFO  o.eclipse.m2e.core.internal.Bundles - 	Entry: C:\Users\krishnasai\.p2\pool\plugins\org.eclipse.m2e.maven.runtime_3.8.701.20230209-1606\jars\maven-artifact-3.8.7.jar
2023-12-20 21:43:15,163 [Worker-22: Launching mavenrun-92b64a6b-7d2f-4df7-ba37-ec5f2c87c59b] INFO  o.eclipse.m2e.core.internal.Bundles - 	Entry: C:\Users\krishnasai\.p2\pool\plugins\org.eclipse.m2e.maven.runtime_3.8.701.20230209-1606\jars\maven-builder-support-3.8.7.jar
2023-12-20 21:43:15,163 [Worker-22: Launching mavenrun-92b64a6b-7d2f-4df7-ba37-ec5f2c87c59b] INFO  o.eclipse.m2e.core.internal.Bundles - 	Entry: C:\Users\krishnasai\.p2\pool\plugins\org.eclipse.m2e.maven.runtime_3.8.701.20230209-1606\jars\maven-compat-3.8.7.jar
2023-12-20 21:43:15,164 [Worker-22: Launching mavenrun-92b64a6b-7d2f-4df7-ba37-ec5f2c87c59b] INFO  o.eclipse.m2e.core.internal.Bundles - 	Entry: C:\Users\krishnasai\.p2\pool\plugins\org.eclipse.m2e.maven.runtime_3.8.701.20230209-1606\jars\maven-core-3.8.7.jar
2023-12-20 21:43:15,164 [Worker-22: Launching mavenrun-92b64a6b-7d2f-4df7-ba37-ec5f2c87c59b] INFO  o.eclipse.m2e.core.internal.Bundles - 	Entry: C:\Users\krishnasai\.p2\pool\plugins\org.eclipse.m2e.maven.runtime_3.8.701.20230209-1606\jars\maven-embedder-3.8.7.jar
2023-12-20 21:43:15,166 [Worker-22: Launching mavenrun-92b64a6b-7d2f-4df7-ba37-ec5f2c87c59b] INFO  o.eclipse.m2e.core.internal.Bundles - 	Entry: C:\Users\krishnasai\.p2\pool\plugins\org.eclipse.m2e.maven.runtime_3.8.701.20230209-1606\jars\maven-model-3.8.7.jar
2023-12-20 21:43:15,167 [Worker-22: Launching mavenrun-92b64a6b-7d2f-4df7-ba37-ec5f2c87c59b] INFO  o.eclipse.m2e.core.internal.Bundles - 	Entry: C:\Users\krishnasai\.p2\pool\plugins\org.eclipse.m2e.maven.runtime_3.8.701.20230209-1606\jars\maven-model-builder-3.8.7.jar
2023-12-20 21:43:15,167 [Worker-22: Launching mavenrun-92b64a6b-7d2f-4df7-ba37-ec5f2c87c59b] INFO  o.eclipse.m2e.core.internal.Bundles - 	Entry: C:\Users\krishnasai\.p2\pool\plugins\org.eclipse.m2e.maven.runtime_3.8.701.20230209-1606\jars\maven-plugin-api-3.8.7.jar
2023-12-20 21:43:15,168 [Worker-22: Launching mavenrun-92b64a6b-7d2f-4df7-ba37-ec5f2c87c59b] INFO  o.eclipse.m2e.core.internal.Bundles - 	Entry: C:\Users\krishnasai\.p2\pool\plugins\org.eclipse.m2e.maven.runtime_3.8.701.20230209-1606\jars\maven-repository-metadata-3.8.7.jar
2023-12-20 21:43:15,169 [Worker-22: Launching mavenrun-92b64a6b-7d2f-4df7-ba37-ec5f2c87c59b] INFO  o.eclipse.m2e.core.internal.Bundles - 	Entry: C:\Users\krishnasai\.p2\pool\plugins\org.eclipse.m2e.maven.runtime_3.8.701.20230209-1606\jars\maven-resolver-api-1.6.3.jar
2023-12-20 21:43:15,169 [Worker-22: Launching mavenrun-92b64a6b-7d2f-4df7-ba37-ec5f2c87c59b] INFO  o.eclipse.m2e.core.internal.Bundles - 	Entry: C:\Users\krishnasai\.p2\pool\plugins\org.eclipse.m2e.maven.runtime_3.8.701.20230209-1606\jars\maven-resolver-connector-basic-1.6.3.jar
2023-12-20 21:43:15,170 [Worker-22: Launching mavenrun-92b64a6b-7d2f-4df7-ba37-ec5f2c87c59b] INFO  o.eclipse.m2e.core.internal.Bundles - 	Entry: C:\Users\krishnasai\.p2\pool\plugins\org.eclipse.m2e.maven.runtime_3.8.701.20230209-1606\jars\maven-resolver-impl-1.6.3.jar
2023-12-20 21:43:15,170 [Worker-22: Launching mavenrun-92b64a6b-7d2f-4df7-ba37-ec5f2c87c59b] INFO  o.eclipse.m2e.core.internal.Bundles - 	Entry: C:\Users\krishnasai\.p2\pool\plugins\org.eclipse.m2e.maven.runtime_3.8.701.20230209-1606\jars\maven-resolver-provider-3.8.7.jar
2023-12-20 21:43:15,170 [Worker-22: Launching mavenrun-92b64a6b-7d2f-4df7-ba37-ec5f2c87c59b] INFO  o.eclipse.m2e.core.internal.Bundles - 	Entry: C:\Users\krishnasai\.p2\pool\plugins\org.eclipse.m2e.maven.runtime_3.8.701.20230209-1606\jars\maven-resolver-spi-1.6.3.jar
2023-12-20 21:43:15,170 [Worker-22: Launching mavenrun-92b64a6b-7d2f-4df7-ba37-ec5f2c87c59b] INFO  o.eclipse.m2e.core.internal.Bundles - 	Entry: C:\Users\krishnasai\.p2\pool\plugins\org.eclipse.m2e.maven.runtime_3.8.701.20230209-1606\jars\maven-resolver-transport-wagon-1.6.3.jar
2023-12-20 21:43:15,170 [Worker-22: Launching mavenrun-92b64a6b-7d2f-4df7-ba37-ec5f2c87c59b] INFO  o.eclipse.m2e.core.internal.Bundles - 	Entry: C:\Users\krishnasai\.p2\pool\plugins\org.eclipse.m2e.maven.runtime_3.8.701.20230209-1606\jars\maven-resolver-util-1.6.3.jar
2023-12-20 21:43:15,172 [Worker-22: Launching mavenrun-92b64a6b-7d2f-4df7-ba37-ec5f2c87c59b] INFO  o.eclipse.m2e.core.internal.Bundles - 	Entry: C:\Users\krishnasai\.p2\pool\plugins\org.eclipse.m2e.maven.runtime_3.8.701.20230209-1606\jars\maven-settings-3.8.7.jar
2023-12-20 21:43:15,172 [Worker-22: Launching mavenrun-92b64a6b-7d2f-4df7-ba37-ec5f2c87c59b] INFO  o.eclipse.m2e.core.internal.Bundles - 	Entry: C:\Users\krishnasai\.p2\pool\plugins\org.eclipse.m2e.maven.runtime_3.8.701.20230209-1606\jars\maven-settings-builder-3.8.7.jar
2023-12-20 21:43:15,173 [Worker-22: Launching mavenrun-92b64a6b-7d2f-4df7-ba37-ec5f2c87c59b] INFO  o.eclipse.m2e.core.internal.Bundles - 	Entry: C:\Users\krishnasai\.p2\pool\plugins\org.eclipse.m2e.maven.runtime_3.8.701.20230209-1606\jars\maven-shared-utils-3.3.4.jar
2023-12-20 21:43:15,173 [Worker-22: Launching mavenrun-92b64a6b-7d2f-4df7-ba37-ec5f2c87c59b] INFO  o.eclipse.m2e.core.internal.Bundles - 	Entry: C:\Users\krishnasai\.p2\pool\plugins\org.eclipse.m2e.maven.runtime_3.8.701.20230209-1606\jars\okhttp-3.14.1.jar
2023-12-20 21:43:15,173 [Worker-22: Launching mavenrun-92b64a6b-7d2f-4df7-ba37-ec5f2c87c59b] INFO  o.eclipse.m2e.core.internal.Bundles - 	Entry: C:\Users\krishnasai\.p2\pool\plugins\org.eclipse.m2e.maven.runtime_3.8.701.20230209-1606\jars\okio-1.17.3.jar
2023-12-20 21:43:15,174 [Worker-22: Launching mavenrun-92b64a6b-7d2f-4df7-ba37-ec5f2c87c59b] INFO  o.eclipse.m2e.core.internal.Bundles - 	Entry: C:\Users\krishnasai\.p2\pool\plugins\org.eclipse.m2e.maven.runtime_3.8.701.20230209-1606\jars\org.eclipse.sisu.inject-0.3.5.jar
2023-12-20 21:43:15,174 [Worker-22: Launching mavenrun-92b64a6b-7d2f-4df7-ba37-ec5f2c87c59b] INFO  o.eclipse.m2e.core.internal.Bundles - 	Entry: C:\Users\krishnasai\.p2\pool\plugins\org.eclipse.m2e.maven.runtime_3.8.701.20230209-1606\jars\org.eclipse.sisu.plexus-0.3.5.jar
2023-12-20 21:43:15,174 [Worker-22: Launching mavenrun-92b64a6b-7d2f-4df7-ba37-ec5f2c87c59b] INFO  o.eclipse.m2e.core.internal.Bundles - 	Entry: C:\Users\krishnasai\.p2\pool\plugins\org.eclipse.m2e.maven.runtime_3.8.701.20230209-1606\jars\plexus-build-api-0.0.7.jar
2023-12-20 21:43:15,174 [Worker-22: Launching mavenrun-92b64a6b-7d2f-4df7-ba37-ec5f2c87c59b] INFO  o.eclipse.m2e.core.internal.Bundles - 	Entry: C:\Users\krishnasai\.p2\pool\plugins\org.eclipse.m2e.maven.runtime_3.8.701.20230209-1606\jars\plexus-cipher-2.0.jar
2023-12-20 21:43:15,175 [Worker-22: Launching mavenrun-92b64a6b-7d2f-4df7-ba37-ec5f2c87c59b] INFO  o.eclipse.m2e.core.internal.Bundles - 	Entry: C:\Users\krishnasai\.p2\pool\plugins\org.eclipse.m2e.maven.runtime_3.8.701.20230209-1606\jars\plexus-classworlds-2.6.0.jar
2023-12-20 21:43:15,175 [Worker-22: Launching mavenrun-92b64a6b-7d2f-4df7-ba37-ec5f2c87c59b] INFO  o.eclipse.m2e.core.internal.Bundles - 	Entry: C:\Users\krishnasai\.p2\pool\plugins\org.eclipse.m2e.maven.runtime_3.8.701.20230209-1606\jars\plexus-component-annotations-2.1.0.jar
2023-12-20 21:43:15,175 [Worker-22: Launching mavenrun-92b64a6b-7d2f-4df7-ba37-ec5f2c87c59b] INFO  o.eclipse.m2e.core.internal.Bundles - 	Entry: C:\Users\krishnasai\.p2\pool\plugins\org.eclipse.m2e.maven.runtime_3.8.701.20230209-1606\jars\plexus-interpolation-1.26.jar
2023-12-20 21:43:15,175 [Worker-22: Launching mavenrun-92b64a6b-7d2f-4df7-ba37-ec5f2c87c59b] INFO  o.eclipse.m2e.core.internal.Bundles - 	Entry: C:\Users\krishnasai\.p2\pool\plugins\org.eclipse.m2e.maven.runtime_3.8.701.20230209-1606\jars\plexus-sec-dispatcher-2.0.jar
2023-12-20 21:43:15,176 [Worker-22: Launching mavenrun-92b64a6b-7d2f-4df7-ba37-ec5f2c87c59b] INFO  o.eclipse.m2e.core.internal.Bundles - 	Entry: C:\Users\krishnasai\.p2\pool\plugins\org.eclipse.m2e.maven.runtime_3.8.701.20230209-1606\jars\plexus-utils-3.3.1.jar
2023-12-20 21:43:15,176 [Worker-22: Launching mavenrun-92b64a6b-7d2f-4df7-ba37-ec5f2c87c59b] INFO  o.eclipse.m2e.core.internal.Bundles - 	Entry: C:\Users\krishnasai\.p2\pool\plugins\org.eclipse.m2e.maven.runtime_3.8.701.20230209-1606\jars\wagon-file-3.5.3.jar
2023-12-20 21:43:15,176 [Worker-22: Launching mavenrun-92b64a6b-7d2f-4df7-ba37-ec5f2c87c59b] INFO  o.eclipse.m2e.core.internal.Bundles - 	Entry: C:\Users\krishnasai\.p2\pool\plugins\org.eclipse.m2e.maven.runtime_3.8.701.20230209-1606\jars\wagon-provider-api-3.5.3.jar
2023-12-20 21:43:15,183 [Worker-22: Launching mavenrun-92b64a6b-7d2f-4df7-ba37-ec5f2c87c59b] INFO  o.eclipse.m2e.core.internal.Bundles - getClasspathEntries(Bundle=com.google.guava_31.1.0.jre [11])
2023-12-20 21:43:15,186 [Worker-22: Launching mavenrun-92b64a6b-7d2f-4df7-ba37-ec5f2c87c59b] INFO  o.eclipse.m2e.core.internal.Bundles - 	Entry: C:\Users\krishnasai\.p2\pool\plugins\com.google.guava_31.1.0.jre.jar
2023-12-20 21:43:15,186 [Worker-22: Launching mavenrun-92b64a6b-7d2f-4df7-ba37-ec5f2c87c59b] INFO  o.eclipse.m2e.core.internal.Bundles - getClasspathEntries(Bundle=slf4j.api_1.7.36 [923])
2023-12-20 21:43:15,188 [Worker-22: Launching mavenrun-92b64a6b-7d2f-4df7-ba37-ec5f2c87c59b] INFO  o.eclipse.m2e.core.internal.Bundles - 	Entry: C:\Users\krishnasai\.p2\pool\plugins\slf4j.api_1.7.36.jar
2023-12-20 21:43:15,189 [Worker-22: Launching mavenrun-92b64a6b-7d2f-4df7-ba37-ec5f2c87c59b] INFO  o.eclipse.m2e.core.internal.Bundles - getClasspathEntries(Bundle=javax.inject_1.0.0.v20220405-0441 [35])
2023-12-20 21:43:15,192 [Worker-22: Launching mavenrun-92b64a6b-7d2f-4df7-ba37-ec5f2c87c59b] INFO  o.eclipse.m2e.core.internal.Bundles - 	Entry: C:\Users\krishnasai\.p2\pool\plugins\javax.inject_1.0.0.v20220405-0441.jar
2023-12-20 21:43:15,192 [Worker-22: Launching mavenrun-92b64a6b-7d2f-4df7-ba37-ec5f2c87c59b] INFO  o.eclipse.m2e.core.internal.Bundles - getClasspathEntries(Bundle=javax.annotation_1.3.5.v20221203-1659 [33])
2023-12-20 21:43:15,197 [Worker-22: Launching mavenrun-92b64a6b-7d2f-4df7-ba37-ec5f2c87c59b] INFO  o.eclipse.m2e.core.internal.Bundles - 	Entry: C:\Users\krishnasai\.p2\pool\plugins\javax.annotation_1.3.5.v20221203-1659.jar
2023-12-20 21:43:15,198 [Worker-22: Launching mavenrun-92b64a6b-7d2f-4df7-ba37-ec5f2c87c59b] INFO  o.eclipse.m2e.core.internal.Bundles - getClasspathEntries(Bundle=org.apache.commons.cli_1.4.0.v20221112-0806 [67])
2023-12-20 21:43:15,199 [Worker-22: Launching mavenrun-92b64a6b-7d2f-4df7-ba37-ec5f2c87c59b] INFO  o.eclipse.m2e.core.internal.Bundles - 	Entry: C:\Users\krishnasai\.p2\pool\plugins\org.apache.commons.cli_1.4.0.v20221112-0806.jar
2023-12-20 21:43:15,200 [Worker-22: Launching mavenrun-92b64a6b-7d2f-4df7-ba37-ec5f2c87c59b] INFO  o.eclipse.m2e.core.internal.Bundles - getClasspathEntries(Bundle=com.google.guava.failureaccess_1.0.1 [13])
2023-12-20 21:43:15,203 [Worker-22: Launching mavenrun-92b64a6b-7d2f-4df7-ba37-ec5f2c87c59b] INFO  o.eclipse.m2e.core.internal.Bundles - 	Entry: C:\Users\krishnasai\.p2\pool\plugins\com.google.guava.failureaccess_1.0.1.jar
2023-12-20 21:43:15,269 [Worker-22: Launching mavenrun-92b64a6b-7d2f-4df7-ba37-ec5f2c87c59b] INFO  o.e.m.i.launch.MavenLaunchDelegate - Run build in "C:\Users\krishnasai\AppData\Local\Temp\m2e-archetypeGenerator18342701954417827947":
2023-12-20 21:43:15,277 [Worker-22: Launching mavenrun-92b64a6b-7d2f-4df7-ba37-ec5f2c87c59b] INFO  o.e.m.i.launch.MavenLaunchDelegate -  mvn  -DarchetypeGroupId=org.apache.maven.archetypes -DarchetypeArtifactId=maven-archetype-webapp -DarchetypeVersion=1.4 -DgroupId=com -DartifactId=Servlets -Dversion=0.0.1-SNAPSHOT -Dpackage=com.Servlets -DoutputDirectory="D:\Krishna Sai\PROGRAMING\QSpiders\Servlets" -Dstyle.color=always -U archetype:generate
2023-12-20 21:43:58,014 [Worker-5: Creating maven-archetype-webapp] INFO  o.e.m.c.i.p.ProjectConfigurationManager - Collecting project info '/pom.xml' D:\Krishna Sai\PROGRAMING\QSpiders\Servlets\Servlets\pom.xml
2023-12-20 21:44:01,794 [Worker-5: Creating maven-archetype-webapp] INFO  o.e.m.c.i.l.LifecycleMappingFactory - Using org.maven.ide.eclipse.wtp.WarLifecycleMapping lifecycle mapping for MavenProject: com:Servlets:0.0.1-SNAPSHOT @ D:\Krishna Sai\PROGRAMING\QSpiders\Servlets\Servlets\pom.xml.
2023-12-20 21:44:05,349 [Worker-5: Creating maven-archetype-webapp] INFO  o.e.m.j.i.AbstractJavaProjectConfigurator - Adding source folder /Servlets/src/main/java
2023-12-20 21:44:05,351 [Worker-5: Creating maven-archetype-webapp] INFO  o.e.m.j.i.AbstractJavaProjectConfigurator - Adding source folder /Servlets/src/test/java
2023-12-20 21:44:08,369 [Worker-5: Creating maven-archetype-webapp] INFO  o.e.m.c.i.p.ProjectConfigurationManager - Imported and configured 1 project(s) in 10 sec
2023-12-20 21:44:09,150 [Worker-23: Building] INFO  o.e.m.c.i.embedder.EclipseLogger - Using 'UTF-8' encoding to copy filtered resources.
2023-12-20 21:44:09,150 [Worker-23: Building] INFO  o.e.m.c.i.embedder.EclipseLogger - skip non existing resourceDirectory D:\Krishna Sai\PROGRAMING\QSpiders\Servlets\Servlets\src\main\resources
2023-12-20 21:44:09,156 [Worker-23: Building] INFO  o.e.m.c.i.embedder.EclipseLogger - Using 'UTF-8' encoding to copy filtered resources.
2023-12-20 21:44:09,156 [Worker-23: Building] INFO  o.e.m.c.i.embedder.EclipseLogger - skip non existing resourceDirectory D:\Krishna Sai\PROGRAMING\QSpiders\Servlets\Servlets\src\test\resources
2023-12-20 21:45:57,858 [Worker-23: Building] INFO  o.e.m.c.i.embedder.EclipseLogger - Using 'UTF-8' encoding to copy filtered resources.
2023-12-20 21:45:57,858 [Worker-23: Building] INFO  o.e.m.c.i.embedder.EclipseLogger - skip non existing resourceDirectory D:\Krishna Sai\PROGRAMING\QSpiders\Servlets\Servlets\src\main\resources
2023-12-20 21:45:57,861 [Worker-23: Building] INFO  o.e.m.c.i.embedder.EclipseLogger - Using 'UTF-8' encoding to copy filtered resources.
2023-12-20 21:45:57,861 [Worker-23: Building] INFO  o.e.m.c.i.embedder.EclipseLogger - skip non existing resourceDirectory D:\Krishna Sai\PROGRAMING\QSpiders\Servlets\Servlets\src\test\resources
2023-12-20 21:47:29,392 [Worker-22: Building] INFO  o.e.m.c.i.l.LifecycleMappingFactory - Using org.maven.ide.eclipse.wtp.WarLifecycleMapping lifecycle mapping for MavenProject: com:Servlets:0.0.1-SNAPSHOT @ D:\Krishna Sai\PROGRAMING\QSpiders\Servlets\Servlets\pom.xml.
2023-12-20 21:47:30,074 [Worker-22: Building] INFO  o.e.m.c.i.embedder.EclipseLogger - Using 'UTF-8' encoding to copy filtered resources.
2023-12-20 21:47:30,074 [Worker-22: Building] INFO  o.e.m.c.i.embedder.EclipseLogger - skip non existing resourceDirectory D:\Krishna Sai\PROGRAMING\QSpiders\Servlets\Servlets\src\main\resources
2023-12-20 21:47:30,077 [Worker-22: Building] INFO  o.e.m.c.i.embedder.EclipseLogger - Using 'UTF-8' encoding to copy filtered resources.
2023-12-20 21:47:30,078 [Worker-22: Building] INFO  o.e.m.c.i.embedder.EclipseLogger - skip non existing resourceDirectory D:\Krishna Sai\PROGRAMING\QSpiders\Servlets\Servlets\src\test\resources
2023-12-20 21:47:30,078 [Worker-22: Building] INFO  o.e.m.w.i.f.ResourceFilteringBuildParticipant - Changed resources require a complete clean of filtered resources of Servlets
2023-12-20 21:47:30,079 [Worker-22: Building] INFO  o.e.m.w.i.f.ResourceFilteringBuildParticipant - Executing resource filtering for Servlets
2023-12-20 21:48:18,647 [Worker-22: Building] INFO  o.e.m.c.i.embedder.EclipseLogger - Using 'UTF-8' encoding to copy filtered resources.
2023-12-20 21:48:18,647 [Worker-22: Building] INFO  o.e.m.c.i.embedder.EclipseLogger - skip non existing resourceDirectory D:\Krishna Sai\PROGRAMING\QSpiders\Servlets\Servlets\src\main\resources
2023-12-20 21:48:18,651 [Worker-22: Building] INFO  o.e.m.c.i.embedder.EclipseLogger - Using 'UTF-8' encoding to copy filtered resources.
2023-12-20 21:48:18,651 [Worker-22: Building] INFO  o.e.m.c.i.embedder.EclipseLogger - skip non existing resourceDirectory D:\Krishna Sai\PROGRAMING\QSpiders\Servlets\Servlets\src\test\resources
2023-12-20 21:49:58,464 [Worker-23: Building] INFO  o.e.m.c.i.embedder.EclipseLogger - Using 'UTF-8' encoding to copy filtered resources.
2023-12-20 21:49:58,465 [Worker-23: Building] INFO  o.e.m.c.i.embedder.EclipseLogger - skip non existing resourceDirectory D:\Krishna Sai\PROGRAMING\QSpiders\Servlets\Servlets\src\main\resources
2023-12-20 21:49:58,469 [Worker-23: Building] INFO  o.e.m.c.i.embedder.EclipseLogger - Using 'UTF-8' encoding to copy filtered resources.
2023-12-20 21:49:58,470 [Worker-23: Building] INFO  o.e.m.c.i.embedder.EclipseLogger - skip non existing resourceDirectory D:\Krishna Sai\PROGRAMING\QSpiders\Servlets\Servlets\src\test\resources
2023-12-20 21:55:42,888 [Worker-23: Building] INFO  o.e.m.c.i.embedder.EclipseLogger - Using 'UTF-8' encoding to copy filtered resources.
2023-12-20 21:55:42,888 [Worker-23: Building] INFO  o.e.m.c.i.embedder.EclipseLogger - skip non existing resourceDirectory D:\Krishna Sai\PROGRAMING\QSpiders\Servlets\Servlets\src\main\resources
2023-12-20 21:55:42,890 [Worker-23: Building] INFO  o.e.m.c.i.embedder.EclipseLogger - Using 'UTF-8' encoding to copy filtered resources.
2023-12-20 21:55:42,890 [Worker-23: Building] INFO  o.e.m.c.i.embedder.EclipseLogger - skip non existing resourceDirectory D:\Krishna Sai\PROGRAMING\QSpiders\Servlets\Servlets\src\test\resources
2023-12-20 22:01:13,964 [Worker-24: Building] INFO  o.e.m.c.i.embedder.EclipseLogger - Using 'UTF-8' encoding to copy filtered resources.
2023-12-20 22:01:13,964 [Worker-24: Building] INFO  o.e.m.c.i.embedder.EclipseLogger - skip non existing resourceDirectory D:\Krishna Sai\PROGRAMING\QSpiders\Servlets\Servlets\src\main\resources
2023-12-20 22:01:13,966 [Worker-24: Building] INFO  o.e.m.c.i.embedder.EclipseLogger - Using 'UTF-8' encoding to copy filtered resources.
2023-12-20 22:01:13,966 [Worker-24: Building] INFO  o.e.m.c.i.embedder.EclipseLogger - skip non existing resourceDirectory D:\Krishna Sai\PROGRAMING\QSpiders\Servlets\Servlets\src\test\resources
2023-12-20 22:03:08,034 [Worker-24: Building] INFO  o.e.m.c.i.embedder.EclipseLogger - Using 'UTF-8' encoding to copy filtered resources.
2023-12-20 22:03:08,035 [Worker-24: Building] INFO  o.e.m.c.i.embedder.EclipseLogger - skip non existing resourceDirectory D:\Krishna Sai\PROGRAMING\QSpiders\Servlets\Servlets\src\main\resources
2023-12-20 22:03:08,040 [Worker-24: Building] INFO  o.e.m.c.i.embedder.EclipseLogger - Using 'UTF-8' encoding to copy filtered resources.
2023-12-20 22:03:08,041 [Worker-24: Building] INFO  o.e.m.c.i.embedder.EclipseLogger - skip non existing resourceDirectory D:\Krishna Sai\PROGRAMING\QSpiders\Servlets\Servlets\src\test\resources
2023-12-20 22:05:20,490 [Worker-24: Building] INFO  o.e.m.c.i.embedder.EclipseLogger - Using 'UTF-8' encoding to copy filtered resources.
2023-12-20 22:05:20,491 [Worker-24: Building] INFO  o.e.m.c.i.embedder.EclipseLogger - skip non existing resourceDirectory D:\Krishna Sai\PROGRAMING\QSpiders\Servlets\Servlets\src\main\resources
2023-12-20 22:05:20,494 [Worker-24: Building] INFO  o.e.m.c.i.embedder.EclipseLogger - Using 'UTF-8' encoding to copy filtered resources.
2023-12-20 22:05:20,495 [Worker-24: Building] INFO  o.e.m.c.i.embedder.EclipseLogger - skip non existing resourceDirectory D:\Krishna Sai\PROGRAMING\QSpiders\Servlets\Servlets\src\test\resources
2023-12-20 22:09:17,482 [Worker-33: Building] INFO  o.e.m.c.i.embedder.EclipseLogger - Using 'UTF-8' encoding to copy filtered resources.
2023-12-20 22:09:17,482 [Worker-33: Building] INFO  o.e.m.c.i.embedder.EclipseLogger - skip non existing resourceDirectory D:\Krishna Sai\PROGRAMING\QSpiders\Servlets\Servlets\src\main\resources
2023-12-20 22:09:17,486 [Worker-33: Building] INFO  o.e.m.c.i.embedder.EclipseLogger - Using 'UTF-8' encoding to copy filtered resources.
2023-12-20 22:09:17,486 [Worker-33: Building] INFO  o.e.m.c.i.embedder.EclipseLogger - skip non existing resourceDirectory D:\Krishna Sai\PROGRAMING\QSpiders\Servlets\Servlets\src\test\resources
2023-12-20 22:13:48,022 [Worker-34: Building] INFO  o.e.m.c.i.embedder.EclipseLogger - Using 'UTF-8' encoding to copy filtered resources.
2023-12-20 22:13:48,023 [Worker-34: Building] INFO  o.e.m.c.i.embedder.EclipseLogger - skip non existing resourceDirectory D:\Krishna Sai\PROGRAMING\QSpiders\Servlets\Servlets\src\main\resources
2023-12-20 22:13:48,024 [Worker-34: Building] INFO  o.e.m.c.i.embedder.EclipseLogger - Using 'UTF-8' encoding to copy filtered resources.
2023-12-20 22:13:48,025 [Worker-34: Building] INFO  o.e.m.c.i.embedder.EclipseLogger - skip non existing resourceDirectory D:\Krishna Sai\PROGRAMING\QSpiders\Servlets\Servlets\src\test\resources
2023-12-20 22:14:20,774 [Worker-35: Building] INFO  o.e.m.c.i.embedder.EclipseLogger - Using 'UTF-8' encoding to copy filtered resources.
2023-12-20 22:14:20,774 [Worker-35: Building] INFO  o.e.m.c.i.embedder.EclipseLogger - skip non existing resourceDirectory D:\Krishna Sai\PROGRAMING\QSpiders\Servlets\Servlets\src\main\resources
2023-12-20 22:14:20,777 [Worker-35: Building] INFO  o.e.m.c.i.embedder.EclipseLogger - Using 'UTF-8' encoding to copy filtered resources.
2023-12-20 22:14:20,777 [Worker-35: Building] INFO  o.e.m.c.i.embedder.EclipseLogger - skip non existing resourceDirectory D:\Krishna Sai\PROGRAMING\QSpiders\Servlets\Servlets\src\test\resources
2023-12-20 22:28:45,015 [Worker-32: Building] INFO  o.e.m.c.i.embedder.EclipseLogger - Using 'UTF-8' encoding to copy filtered resources.
2023-12-20 22:28:45,015 [Worker-32: Building] INFO  o.e.m.c.i.embedder.EclipseLogger - skip non existing resourceDirectory D:\Krishna Sai\PROGRAMING\QSpiders\Servlets\Servlets\src\main\resources
2023-12-20 22:28:45,018 [Worker-32: Building] INFO  o.e.m.c.i.embedder.EclipseLogger - Using 'UTF-8' encoding to copy filtered resources.
2023-12-20 22:28:45,018 [Worker-32: Building] INFO  o.e.m.c.i.embedder.EclipseLogger - skip non existing resourceDirectory D:\Krishna Sai\PROGRAMING\QSpiders\Servlets\Servlets\src\test\resources
2023-12-20 22:30:34,274 [Worker-36: Building] INFO  o.e.m.c.i.embedder.EclipseLogger - Using 'UTF-8' encoding to copy filtered resources.
2023-12-20 22:30:34,274 [Worker-36: Building] INFO  o.e.m.c.i.embedder.EclipseLogger - skip non existing resourceDirectory D:\Krishna Sai\PROGRAMING\QSpiders\Servlets\Servlets\src\main\resources
2023-12-20 22:30:34,276 [Worker-36: Building] INFO  o.e.m.c.i.embedder.EclipseLogger - Using 'UTF-8' encoding to copy filtered resources.
2023-12-20 22:30:34,276 [Worker-36: Building] INFO  o.e.m.c.i.embedder.EclipseLogger - skip non existing resourceDirectory D:\Krishna Sai\PROGRAMING\QSpiders\Servlets\Servlets\src\test\resources
2023-12-20 22:31:04,891 [Worker-35: Building] INFO  o.e.m.c.i.embedder.EclipseLogger - Using 'UTF-8' encoding to copy filtered resources.
2023-12-20 22:31:04,892 [Worker-35: Building] INFO  o.e.m.c.i.embedder.EclipseLogger - skip non existing resourceDirectory D:\Krishna Sai\PROGRAMING\QSpiders\Servlets\Servlets\src\main\resources
2023-12-20 22:31:04,895 [Worker-35: Building] INFO  o.e.m.c.i.embedder.EclipseLogger - Using 'UTF-8' encoding to copy filtered resources.
2023-12-20 22:31:04,895 [Worker-35: Building] INFO  o.e.m.c.i.embedder.EclipseLogger - skip non existing resourceDirectory D:\Krishna Sai\PROGRAMING\QSpiders\Servlets\Servlets\src\test\resources
2023-12-20 22:32:49,002 [Worker-31: Building] INFO  o.e.m.c.i.embedder.EclipseLogger - Using 'UTF-8' encoding to copy filtered resources.
2023-12-20 22:32:49,002 [Worker-31: Building] INFO  o.e.m.c.i.embedder.EclipseLogger - skip non existing resourceDirectory D:\Krishna Sai\PROGRAMING\QSpiders\Servlets\Servlets\src\main\resources
2023-12-20 22:32:49,005 [Worker-31: Building] INFO  o.e.m.c.i.embedder.EclipseLogger - Using 'UTF-8' encoding to copy filtered resources.
2023-12-20 22:32:49,005 [Worker-31: Building] INFO  o.e.m.c.i.embedder.EclipseLogger - skip non existing resourceDirectory D:\Krishna Sai\PROGRAMING\QSpiders\Servlets\Servlets\src\test\resources
2023-12-21 17:21:13,630 [Worker-5: Loading available Gradle versions] INFO  o.e.b.c.i.u.g.PublishedGradleVersions - Gradle version information cache is out-of-date. Trying to update.
2023-12-21 17:26:01,758 [Worker-21: Building] INFO  o.e.m.c.i.embedder.EclipseLogger - Using 'UTF-8' encoding to copy filtered resources.
2023-12-21 17:26:01,867 [Worker-21: Building] INFO  o.e.m.c.i.embedder.EclipseLogger - skip non existing resourceDirectory D:\Krishna Sai\PROGRAMING\QSpiders\Servlets\Servlets\src\main\resources
2023-12-21 17:26:01,871 [Worker-21: Building] INFO  o.e.m.c.i.embedder.EclipseLogger - Using 'UTF-8' encoding to copy filtered resources.
2023-12-21 17:26:01,872 [Worker-21: Building] INFO  o.e.m.c.i.embedder.EclipseLogger - skip non existing resourceDirectory D:\Krishna Sai\PROGRAMING\QSpiders\Servlets\Servlets\src\test\resources
2023-12-21 17:27:30,351 [Worker-17: Building] INFO  o.e.m.c.i.embedder.EclipseLogger - Using 'UTF-8' encoding to copy filtered resources.
2023-12-21 17:27:30,351 [Worker-17: Building] INFO  o.e.m.c.i.embedder.EclipseLogger - skip non existing resourceDirectory D:\Krishna Sai\PROGRAMING\QSpiders\Servlets\Servlets\src\main\resources
2023-12-21 17:27:30,354 [Worker-17: Building] INFO  o.e.m.c.i.embedder.EclipseLogger - Using 'UTF-8' encoding to copy filtered resources.
2023-12-21 17:27:30,355 [Worker-17: Building] INFO  o.e.m.c.i.embedder.EclipseLogger - skip non existing resourceDirectory D:\Krishna Sai\PROGRAMING\QSpiders\Servlets\Servlets\src\test\resources
2023-12-21 17:39:55,305 [Worker-21: Building] INFO  o.e.m.c.i.embedder.EclipseLogger - Using 'UTF-8' encoding to copy filtered resources.
2023-12-21 17:39:55,306 [Worker-21: Building] INFO  o.e.m.c.i.embedder.EclipseLogger - skip non existing resourceDirectory D:\Krishna Sai\PROGRAMING\QSpiders\Servlets\Servlets\src\main\resources
2023-12-21 17:39:55,310 [Worker-21: Building] INFO  o.e.m.c.i.embedder.EclipseLogger - Using 'UTF-8' encoding to copy filtered resources.
2023-12-21 17:39:55,310 [Worker-21: Building] INFO  o.e.m.c.i.embedder.EclipseLogger - skip non existing resourceDirectory D:\Krishna Sai\PROGRAMING\QSpiders\Servlets\Servlets\src\test\resources
2023-12-21 17:43:00,423 [Worker-25: Building] INFO  o.e.m.c.i.embedder.EclipseLogger - Using 'UTF-8' encoding to copy filtered resources.
2023-12-21 17:43:00,424 [Worker-25: Building] INFO  o.e.m.c.i.embedder.EclipseLogger - skip non existing resourceDirectory D:\Krishna Sai\PROGRAMING\QSpiders\Servlets\Servlets\src\main\resources
2023-12-21 17:43:00,427 [Worker-25: Building] INFO  o.e.m.c.i.embedder.EclipseLogger - Using 'UTF-8' encoding to copy filtered resources.
2023-12-21 17:43:00,427 [Worker-25: Building] INFO  o.e.m.c.i.embedder.EclipseLogger - skip non existing resourceDirectory D:\Krishna Sai\PROGRAMING\QSpiders\Servlets\Servlets\src\test\resources
2023-12-21 17:52:43,030 [Worker-25: Building] INFO  o.e.m.c.i.embedder.EclipseLogger - Using 'UTF-8' encoding to copy filtered resources.
2023-12-21 17:52:43,031 [Worker-25: Building] INFO  o.e.m.c.i.embedder.EclipseLogger - skip non existing resourceDirectory D:\Krishna Sai\PROGRAMING\QSpiders\Servlets\Servlets\src\main\resources
2023-12-21 17:52:43,034 [Worker-25: Building] INFO  o.e.m.c.i.embedder.EclipseLogger - Using 'UTF-8' encoding to copy filtered resources.
2023-12-21 17:52:43,034 [Worker-25: Building] INFO  o.e.m.c.i.embedder.EclipseLogger - skip non existing resourceDirectory D:\Krishna Sai\PROGRAMING\QSpiders\Servlets\Servlets\src\test\resources
2023-12-21 17:52:48,963 [Worker-23: Building] INFO  o.e.m.c.i.embedder.EclipseLogger - Using 'UTF-8' encoding to copy filtered resources.
2023-12-21 17:52:48,964 [Worker-23: Building] INFO  o.e.m.c.i.embedder.EclipseLogger - skip non existing resourceDirectory D:\Krishna Sai\PROGRAMING\QSpiders\Servlets\Servlets\src\main\resources
2023-12-21 17:52:48,967 [Worker-23: Building] INFO  o.e.m.c.i.embedder.EclipseLogger - Using 'UTF-8' encoding to copy filtered resources.
2023-12-21 17:52:48,967 [Worker-23: Building] INFO  o.e.m.c.i.embedder.EclipseLogger - skip non existing resourceDirectory D:\Krishna Sai\PROGRAMING\QSpiders\Servlets\Servlets\src\test\resources
2023-12-21 17:52:58,703 [Worker-28: Building] INFO  o.e.m.c.i.embedder.EclipseLogger - Using 'UTF-8' encoding to copy filtered resources.
2023-12-21 17:52:58,703 [Worker-28: Building] INFO  o.e.m.c.i.embedder.EclipseLogger - skip non existing resourceDirectory D:\Krishna Sai\PROGRAMING\QSpiders\Servlets\Servlets\src\main\resources
2023-12-21 17:52:58,706 [Worker-28: Building] INFO  o.e.m.c.i.embedder.EclipseLogger - Using 'UTF-8' encoding to copy filtered resources.
2023-12-21 17:52:58,706 [Worker-28: Building] INFO  o.e.m.c.i.embedder.EclipseLogger - skip non existing resourceDirectory D:\Krishna Sai\PROGRAMING\QSpiders\Servlets\Servlets\src\test\resources
2023-12-21 17:53:07,232 [Worker-29: Building] INFO  o.e.m.c.i.embedder.EclipseLogger - Using 'UTF-8' encoding to copy filtered resources.
2023-12-21 17:53:07,233 [Worker-29: Building] INFO  o.e.m.c.i.embedder.EclipseLogger - skip non existing resourceDirectory D:\Krishna Sai\PROGRAMING\QSpiders\Servlets\Servlets\src\main\resources
2023-12-21 17:53:07,240 [Worker-29: Building] INFO  o.e.m.c.i.embedder.EclipseLogger - Using 'UTF-8' encoding to copy filtered resources.
2023-12-21 17:53:07,240 [Worker-29: Building] INFO  o.e.m.c.i.embedder.EclipseLogger - skip non existing resourceDirectory D:\Krishna Sai\PROGRAMING\QSpiders\Servlets\Servlets\src\test\resources
2023-12-21 17:57:27,118 [Worker-3: Loading available Gradle versions] INFO  o.e.b.c.i.u.g.PublishedGradleVersions - Gradle version information cache is up-to-date. Trying to read.
2023-12-21 18:08:23,387 [Worker-11: Building] INFO  o.e.m.c.i.embedder.EclipseLogger - Using 'UTF-8' encoding to copy filtered resources.
2023-12-21 18:08:23,390 [Worker-11: Building] INFO  o.e.m.c.i.embedder.EclipseLogger - skip non existing resourceDirectory D:\Krishna Sai\PROGRAMING\QSpiders\Servlets\Servlets\src\main\resources
2023-12-21 18:08:23,393 [Worker-11: Building] INFO  o.e.m.c.i.embedder.EclipseLogger - Using 'UTF-8' encoding to copy filtered resources.
2023-12-21 18:08:23,394 [Worker-11: Building] INFO  o.e.m.c.i.embedder.EclipseLogger - skip non existing resourceDirectory D:\Krishna Sai\PROGRAMING\QSpiders\Servlets\Servlets\src\test\resources
2023-12-21 18:13:26,601 [Worker-26: Building] INFO  o.e.m.c.i.embedder.EclipseLogger - Using 'UTF-8' encoding to copy filtered resources.
2023-12-21 18:13:26,602 [Worker-26: Building] INFO  o.e.m.c.i.embedder.EclipseLogger - skip non existing resourceDirectory D:\Krishna Sai\PROGRAMING\QSpiders\Servlets\Servlets\src\main\resources
2023-12-21 18:13:26,605 [Worker-26: Building] INFO  o.e.m.c.i.embedder.EclipseLogger - Using 'UTF-8' encoding to copy filtered resources.
2023-12-21 18:13:26,606 [Worker-26: Building] INFO  o.e.m.c.i.embedder.EclipseLogger - skip non existing resourceDirectory D:\Krishna Sai\PROGRAMING\QSpiders\Servlets\Servlets\src\test\resources
2023-12-21 18:16:55,102 [Worker-24: Building] INFO  o.e.m.c.i.embedder.EclipseLogger - Using 'UTF-8' encoding to copy filtered resources.
2023-12-21 18:16:55,103 [Worker-24: Building] INFO  o.e.m.c.i.embedder.EclipseLogger - skip non existing resourceDirectory D:\Krishna Sai\PROGRAMING\QSpiders\Servlets\Servlets\src\main\resources
2023-12-21 18:16:55,105 [Worker-24: Building] INFO  o.e.m.c.i.embedder.EclipseLogger - Using 'UTF-8' encoding to copy filtered resources.
2023-12-21 18:16:55,105 [Worker-24: Building] INFO  o.e.m.c.i.embedder.EclipseLogger - skip non existing resourceDirectory D:\Krishna Sai\PROGRAMING\QSpiders\Servlets\Servlets\src\test\resources
2023-12-21 18:19:42,592 [Worker-26: Building] INFO  o.e.m.c.i.embedder.EclipseLogger - Using 'UTF-8' encoding to copy filtered resources.
2023-12-21 18:19:42,592 [Worker-26: Building] INFO  o.e.m.c.i.embedder.EclipseLogger - skip non existing resourceDirectory D:\Krishna Sai\PROGRAMING\QSpiders\Servlets\Servlets\src\main\resources
2023-12-21 18:19:42,595 [Worker-26: Building] INFO  o.e.m.c.i.embedder.EclipseLogger - Using 'UTF-8' encoding to copy filtered resources.
2023-12-21 18:19:42,595 [Worker-26: Building] INFO  o.e.m.c.i.embedder.EclipseLogger - skip non existing resourceDirectory D:\Krishna Sai\PROGRAMING\QSpiders\Servlets\Servlets\src\test\resources
2023-12-22 23:49:07,688 [Worker-0: Loading available Gradle versions] INFO  o.e.b.c.i.u.g.PublishedGradleVersions - Gradle version information cache is out-of-date. Trying to update.
2023-12-22 23:51:19,270 [Worker-22: Building] INFO  o.e.m.c.i.embedder.EclipseLogger - Using 'UTF-8' encoding to copy filtered resources.
2023-12-22 23:51:19,271 [Worker-22: Building] INFO  o.e.m.c.i.embedder.EclipseLogger - skip non existing resourceDirectory D:\Krishna Sai\PROGRAMING\QSpiders\Servlets\Servlets\src\main\resources
2023-12-22 23:51:19,275 [Worker-22: Building] INFO  o.e.m.c.i.embedder.EclipseLogger - Using 'UTF-8' encoding to copy filtered resources.
2023-12-22 23:51:19,276 [Worker-22: Building] INFO  o.e.m.c.i.embedder.EclipseLogger - skip non existing resourceDirectory D:\Krishna Sai\PROGRAMING\QSpiders\Servlets\Servlets\src\test\resources
2023-12-22 23:51:40,526 [Worker-8: Building] INFO  o.e.m.c.i.embedder.EclipseLogger - Using 'UTF-8' encoding to copy filtered resources.
2023-12-22 23:51:40,526 [Worker-8: Building] INFO  o.e.m.c.i.embedder.EclipseLogger - skip non existing resourceDirectory D:\Krishna Sai\PROGRAMING\QSpiders\Servlets\Servlets\src\main\resources
2023-12-22 23:51:40,529 [Worker-8: Building] INFO  o.e.m.c.i.embedder.EclipseLogger - Using 'UTF-8' encoding to copy filtered resources.
2023-12-22 23:51:40,529 [Worker-8: Building] INFO  o.e.m.c.i.embedder.EclipseLogger - skip non existing resourceDirectory D:\Krishna Sai\PROGRAMING\QSpiders\Servlets\Servlets\src\test\resources
2023-12-22 23:52:08,492 [Worker-20: Building] INFO  o.e.m.c.i.embedder.EclipseLogger - Using 'UTF-8' encoding to copy filtered resources.
2023-12-22 23:52:08,492 [Worker-20: Building] INFO  o.e.m.c.i.embedder.EclipseLogger - skip non existing resourceDirectory D:\Krishna Sai\PROGRAMING\QSpiders\Servlets\Servlets\src\main\resources
2023-12-22 23:52:08,497 [Worker-20: Building] INFO  o.e.m.c.i.embedder.EclipseLogger - Using 'UTF-8' encoding to copy filtered resources.
2023-12-22 23:52:08,497 [Worker-20: Building] INFO  o.e.m.c.i.embedder.EclipseLogger - skip non existing resourceDirectory D:\Krishna Sai\PROGRAMING\QSpiders\Servlets\Servlets\src\test\resources
2023-12-22 23:53:23,454 [Worker-17: Building] INFO  o.e.m.c.i.embedder.EclipseLogger - Using 'UTF-8' encoding to copy filtered resources.
2023-12-22 23:53:23,455 [Worker-17: Building] INFO  o.e.m.c.i.embedder.EclipseLogger - skip non existing resourceDirectory D:\Krishna Sai\PROGRAMING\QSpiders\Servlets\Servlets\src\main\resources
2023-12-22 23:53:23,459 [Worker-17: Building] INFO  o.e.m.c.i.embedder.EclipseLogger - Using 'UTF-8' encoding to copy filtered resources.
2023-12-22 23:53:23,459 [Worker-17: Building] INFO  o.e.m.c.i.embedder.EclipseLogger - skip non existing resourceDirectory D:\Krishna Sai\PROGRAMING\QSpiders\Servlets\Servlets\src\test\resources
2023-12-22 23:54:36,105 [Worker-7: Building] INFO  o.e.m.c.i.embedder.EclipseLogger - Using 'UTF-8' encoding to copy filtered resources.
2023-12-22 23:54:36,105 [Worker-7: Building] INFO  o.e.m.c.i.embedder.EclipseLogger - skip non existing resourceDirectory D:\Krishna Sai\PROGRAMING\QSpiders\Servlets\Servlets\src\main\resources
2023-12-22 23:54:36,109 [Worker-7: Building] INFO  o.e.m.c.i.embedder.EclipseLogger - Using 'UTF-8' encoding to copy filtered resources.
2023-12-22 23:54:36,110 [Worker-7: Building] INFO  o.e.m.c.i.embedder.EclipseLogger - skip non existing resourceDirectory D:\Krishna Sai\PROGRAMING\QSpiders\Servlets\Servlets\src\test\resources
2023-12-22 23:56:02,615 [Worker-0: Building] INFO  o.e.m.c.i.embedder.EclipseLogger - Using 'UTF-8' encoding to copy filtered resources.
2023-12-22 23:56:02,616 [Worker-0: Building] INFO  o.e.m.c.i.embedder.EclipseLogger - skip non existing resourceDirectory D:\Krishna Sai\PROGRAMING\QSpiders\Servlets\Servlets\src\main\resources
2023-12-22 23:56:02,620 [Worker-0: Building] INFO  o.e.m.c.i.embedder.EclipseLogger - Using 'UTF-8' encoding to copy filtered resources.
2023-12-22 23:56:02,620 [Worker-0: Building] INFO  o.e.m.c.i.embedder.EclipseLogger - skip non existing resourceDirectory D:\Krishna Sai\PROGRAMING\QSpiders\Servlets\Servlets\src\test\resources
2023-12-22 23:56:54,692 [Worker-10: Building] INFO  o.e.m.c.i.embedder.EclipseLogger - Using 'UTF-8' encoding to copy filtered resources.
2023-12-22 23:56:54,692 [Worker-10: Building] INFO  o.e.m.c.i.embedder.EclipseLogger - skip non existing resourceDirectory D:\Krishna Sai\PROGRAMING\QSpiders\Servlets\Servlets\src\main\resources
2023-12-22 23:56:54,695 [Worker-10: Building] INFO  o.e.m.c.i.embedder.EclipseLogger - Using 'UTF-8' encoding to copy filtered resources.
2023-12-22 23:56:54,696 [Worker-10: Building] INFO  o.e.m.c.i.embedder.EclipseLogger - skip non existing resourceDirectory D:\Krishna Sai\PROGRAMING\QSpiders\Servlets\Servlets\src\test\resources
2023-12-23 00:07:49,421 [Worker-14: Building] INFO  o.e.m.c.i.embedder.EclipseLogger - Using 'UTF-8' encoding to copy filtered resources.
2023-12-23 00:07:49,421 [Worker-14: Building] INFO  o.e.m.c.i.embedder.EclipseLogger - skip non existing resourceDirectory D:\Krishna Sai\PROGRAMING\QSpiders\Servlets\Servlets\src\main\resources
2023-12-23 00:07:49,425 [Worker-14: Building] INFO  o.e.m.c.i.embedder.EclipseLogger - Using 'UTF-8' encoding to copy filtered resources.
2023-12-23 00:07:49,425 [Worker-14: Building] INFO  o.e.m.c.i.embedder.EclipseLogger - skip non existing resourceDirectory D:\Krishna Sai\PROGRAMING\QSpiders\Servlets\Servlets\src\test\resources
2023-12-23 00:10:30,820 [Worker-9: Building] INFO  o.e.m.c.i.embedder.EclipseLogger - Using 'UTF-8' encoding to copy filtered resources.
2023-12-23 00:10:30,820 [Worker-9: Building] INFO  o.e.m.c.i.embedder.EclipseLogger - skip non existing resourceDirectory D:\Krishna Sai\PROGRAMING\QSpiders\Servlets\Servlets\src\main\resources
2023-12-23 00:10:30,824 [Worker-9: Building] INFO  o.e.m.c.i.embedder.EclipseLogger - Using 'UTF-8' encoding to copy filtered resources.
2023-12-23 00:10:30,824 [Worker-9: Building] INFO  o.e.m.c.i.embedder.EclipseLogger - skip non existing resourceDirectory D:\Krishna Sai\PROGRAMING\QSpiders\Servlets\Servlets\src\test\resources
2023-12-23 00:18:48,915 [Worker-9: Building] INFO  o.e.m.c.i.embedder.EclipseLogger - Using 'UTF-8' encoding to copy filtered resources.
2023-12-23 00:18:48,915 [Worker-9: Building] INFO  o.e.m.c.i.embedder.EclipseLogger - skip non existing resourceDirectory D:\Krishna Sai\PROGRAMING\QSpiders\Servlets\Servlets\src\main\resources
2023-12-23 00:18:48,917 [Worker-9: Building] INFO  o.e.m.c.i.embedder.EclipseLogger - Using 'UTF-8' encoding to copy filtered resources.
2023-12-23 00:18:48,918 [Worker-9: Building] INFO  o.e.m.c.i.embedder.EclipseLogger - skip non existing resourceDirectory D:\Krishna Sai\PROGRAMING\QSpiders\Servlets\Servlets\src\test\resources
2023-12-23 00:20:35,849 [Worker-6: Building] INFO  o.e.m.c.i.embedder.EclipseLogger - Using 'UTF-8' encoding to copy filtered resources.
2023-12-23 00:20:35,850 [Worker-6: Building] INFO  o.e.m.c.i.embedder.EclipseLogger - skip non existing resourceDirectory D:\Krishna Sai\PROGRAMING\QSpiders\Servlets\Servlets\src\main\resources
2023-12-23 00:20:35,852 [Worker-6: Building] INFO  o.e.m.c.i.embedder.EclipseLogger - Using 'UTF-8' encoding to copy filtered resources.
2023-12-23 00:20:35,853 [Worker-6: Building] INFO  o.e.m.c.i.embedder.EclipseLogger - skip non existing resourceDirectory D:\Krishna Sai\PROGRAMING\QSpiders\Servlets\Servlets\src\test\resources
2023-12-23 00:20:56,517 [Worker-25: Building] INFO  o.e.m.c.i.embedder.EclipseLogger - Using 'UTF-8' encoding to copy filtered resources.
2023-12-23 00:20:56,517 [Worker-25: Building] INFO  o.e.m.c.i.embedder.EclipseLogger - skip non existing resourceDirectory D:\Krishna Sai\PROGRAMING\QSpiders\Servlets\Servlets\src\main\resources
2023-12-23 00:20:56,519 [Worker-25: Building] INFO  o.e.m.c.i.embedder.EclipseLogger - Using 'UTF-8' encoding to copy filtered resources.
2023-12-23 00:20:56,520 [Worker-25: Building] INFO  o.e.m.c.i.embedder.EclipseLogger - skip non existing resourceDirectory D:\Krishna Sai\PROGRAMING\QSpiders\Servlets\Servlets\src\test\resources
2023-12-23 00:21:13,152 [Worker-6: Building] INFO  o.e.m.c.i.embedder.EclipseLogger - Using 'UTF-8' encoding to copy filtered resources.
2023-12-23 00:21:13,153 [Worker-6: Building] INFO  o.e.m.c.i.embedder.EclipseLogger - skip non existing resourceDirectory D:\Krishna Sai\PROGRAMING\QSpiders\Servlets\Servlets\src\main\resources
2023-12-23 00:21:13,158 [Worker-6: Building] INFO  o.e.m.c.i.embedder.EclipseLogger - Using 'UTF-8' encoding to copy filtered resources.
2023-12-23 00:21:13,158 [Worker-6: Building] INFO  o.e.m.c.i.embedder.EclipseLogger - skip non existing resourceDirectory D:\Krishna Sai\PROGRAMING\QSpiders\Servlets\Servlets\src\test\resources
2023-12-23 00:24:45,789 [Worker-23: Building] INFO  o.e.m.c.i.embedder.EclipseLogger - Using 'UTF-8' encoding to copy filtered resources.
2023-12-23 00:24:45,789 [Worker-23: Building] INFO  o.e.m.c.i.embedder.EclipseLogger - skip non existing resourceDirectory D:\Krishna Sai\PROGRAMING\QSpiders\Servlets\Servlets\src\main\resources
2023-12-23 00:24:45,793 [Worker-23: Building] INFO  o.e.m.c.i.embedder.EclipseLogger - Using 'UTF-8' encoding to copy filtered resources.
2023-12-23 00:24:45,793 [Worker-23: Building] INFO  o.e.m.c.i.embedder.EclipseLogger - skip non existing resourceDirectory D:\Krishna Sai\PROGRAMING\QSpiders\Servlets\Servlets\src\test\resources
2023-12-23 00:34:17,350 [Worker-24: Building] INFO  o.e.m.c.i.embedder.EclipseLogger - Using 'UTF-8' encoding to copy filtered resources.
2023-12-23 00:34:17,351 [Worker-24: Building] INFO  o.e.m.c.i.embedder.EclipseLogger - skip non existing resourceDirectory D:\Krishna Sai\PROGRAMING\QSpiders\Servlets\Servlets\src\main\resources
2023-12-23 00:34:17,353 [Worker-24: Building] INFO  o.e.m.c.i.embedder.EclipseLogger - Using 'UTF-8' encoding to copy filtered resources.
2023-12-23 00:34:17,353 [Worker-24: Building] INFO  o.e.m.c.i.embedder.EclipseLogger - skip non existing resourceDirectory D:\Krishna Sai\PROGRAMING\QSpiders\Servlets\Servlets\src\test\resources
2023-12-23 00:39:28,019 [Worker-14: Building] INFO  o.e.m.c.i.embedder.EclipseLogger - Using 'UTF-8' encoding to copy filtered resources.
2023-12-23 00:39:28,019 [Worker-14: Building] INFO  o.e.m.c.i.embedder.EclipseLogger - skip non existing resourceDirectory D:\Krishna Sai\PROGRAMING\QSpiders\Servlets\Servlets\src\main\resources
2023-12-23 00:39:28,023 [Worker-14: Building] INFO  o.e.m.c.i.embedder.EclipseLogger - Using 'UTF-8' encoding to copy filtered resources.
2023-12-23 00:39:28,023 [Worker-14: Building] INFO  o.e.m.c.i.embedder.EclipseLogger - skip non existing resourceDirectory D:\Krishna Sai\PROGRAMING\QSpiders\Servlets\Servlets\src\test\resources
2023-12-23 00:40:06,002 [Worker-24: Building] INFO  o.e.m.c.i.embedder.EclipseLogger - Using 'UTF-8' encoding to copy filtered resources.
2023-12-23 00:40:06,002 [Worker-24: Building] INFO  o.e.m.c.i.embedder.EclipseLogger - skip non existing resourceDirectory D:\Krishna Sai\PROGRAMING\QSpiders\Servlets\Servlets\src\main\resources
2023-12-23 00:40:06,008 [Worker-24: Building] INFO  o.e.m.c.i.embedder.EclipseLogger - Using 'UTF-8' encoding to copy filtered resources.
2023-12-23 00:40:06,008 [Worker-24: Building] INFO  o.e.m.c.i.embedder.EclipseLogger - skip non existing resourceDirectory D:\Krishna Sai\PROGRAMING\QSpiders\Servlets\Servlets\src\test\resources
2023-12-23 00:41:37,776 [Worker-23: Building] INFO  o.e.m.c.i.embedder.EclipseLogger - Using 'UTF-8' encoding to copy filtered resources.
2023-12-23 00:41:37,776 [Worker-23: Building] INFO  o.e.m.c.i.embedder.EclipseLogger - skip non existing resourceDirectory D:\Krishna Sai\PROGRAMING\QSpiders\Servlets\Servlets\src\main\resources
2023-12-23 00:41:37,779 [Worker-23: Building] INFO  o.e.m.c.i.embedder.EclipseLogger - Using 'UTF-8' encoding to copy filtered resources.
2023-12-23 00:41:37,779 [Worker-23: Building] INFO  o.e.m.c.i.embedder.EclipseLogger - skip non existing resourceDirectory D:\Krishna Sai\PROGRAMING\QSpiders\Servlets\Servlets\src\test\resources
2023-12-23 00:43:10,812 [Worker-6: Building] INFO  o.e.m.c.i.embedder.EclipseLogger - Using 'UTF-8' encoding to copy filtered resources.
2023-12-23 00:43:10,812 [Worker-6: Building] INFO  o.e.m.c.i.embedder.EclipseLogger - skip non existing resourceDirectory D:\Krishna Sai\PROGRAMING\QSpiders\Servlets\Servlets\src\main\resources
2023-12-23 00:43:10,817 [Worker-6: Building] INFO  o.e.m.c.i.embedder.EclipseLogger - Using 'UTF-8' encoding to copy filtered resources.
2023-12-23 00:43:10,817 [Worker-6: Building] INFO  o.e.m.c.i.embedder.EclipseLogger - skip non existing resourceDirectory D:\Krishna Sai\PROGRAMING\QSpiders\Servlets\Servlets\src\test\resources
2023-12-23 00:45:37,013 [Worker-6: Building] INFO  o.e.m.c.i.embedder.EclipseLogger - Using 'UTF-8' encoding to copy filtered resources.
2023-12-23 00:45:37,013 [Worker-6: Building] INFO  o.e.m.c.i.embedder.EclipseLogger - skip non existing resourceDirectory D:\Krishna Sai\PROGRAMING\QSpiders\Servlets\Servlets\src\main\resources
2023-12-23 00:45:37,016 [Worker-6: Building] INFO  o.e.m.c.i.embedder.EclipseLogger - Using 'UTF-8' encoding to copy filtered resources.
2023-12-23 00:45:37,016 [Worker-6: Building] INFO  o.e.m.c.i.embedder.EclipseLogger - skip non existing resourceDirectory D:\Krishna Sai\PROGRAMING\QSpiders\Servlets\Servlets\src\test\resources
2023-12-23 00:48:26,820 [Worker-30: Building] INFO  o.e.m.c.i.embedder.EclipseLogger - Using 'UTF-8' encoding to copy filtered resources.
2023-12-23 00:48:26,821 [Worker-30: Building] INFO  o.e.m.c.i.embedder.EclipseLogger - skip non existing resourceDirectory D:\Krishna Sai\PROGRAMING\QSpiders\Servlets\Servlets\src\main\resources
2023-12-23 00:48:26,822 [Worker-30: Building] INFO  o.e.m.c.i.embedder.EclipseLogger - Using 'UTF-8' encoding to copy filtered resources.
2023-12-23 00:48:26,822 [Worker-30: Building] INFO  o.e.m.c.i.embedder.EclipseLogger - skip non existing resourceDirectory D:\Krishna Sai\PROGRAMING\QSpiders\Servlets\Servlets\src\test\resources
2023-12-23 00:52:56,691 [Worker-30: Building] INFO  o.e.m.c.i.embedder.EclipseLogger - Using 'UTF-8' encoding to copy filtered resources.
2023-12-23 00:52:56,692 [Worker-30: Building] INFO  o.e.m.c.i.embedder.EclipseLogger - skip non existing resourceDirectory D:\Krishna Sai\PROGRAMING\QSpiders\Servlets\Servlets\src\main\resources
2023-12-23 00:52:56,693 [Worker-30: Building] INFO  o.e.m.c.i.embedder.EclipseLogger - Using 'UTF-8' encoding to copy filtered resources.
2023-12-23 00:52:56,693 [Worker-30: Building] INFO  o.e.m.c.i.embedder.EclipseLogger - skip non existing resourceDirectory D:\Krishna Sai\PROGRAMING\QSpiders\Servlets\Servlets\src\test\resources
2023-12-23 00:54:37,892 [Worker-14: Building] INFO  o.e.m.c.i.embedder.EclipseLogger - Using 'UTF-8' encoding to copy filtered resources.
2023-12-23 00:54:37,892 [Worker-14: Building] INFO  o.e.m.c.i.embedder.EclipseLogger - skip non existing resourceDirectory D:\Krishna Sai\PROGRAMING\QSpiders\Servlets\Servlets\src\main\resources
2023-12-23 00:54:37,894 [Worker-14: Building] INFO  o.e.m.c.i.embedder.EclipseLogger - Using 'UTF-8' encoding to copy filtered resources.
2023-12-23 00:54:37,894 [Worker-14: Building] INFO  o.e.m.c.i.embedder.EclipseLogger - skip non existing resourceDirectory D:\Krishna Sai\PROGRAMING\QSpiders\Servlets\Servlets\src\test\resources
2023-12-23 00:57:17,601 [Worker-33: Building] INFO  o.e.m.c.i.embedder.EclipseLogger - Using 'UTF-8' encoding to copy filtered resources.
2023-12-23 00:57:17,601 [Worker-33: Building] INFO  o.e.m.c.i.embedder.EclipseLogger - skip non existing resourceDirectory D:\Krishna Sai\PROGRAMING\QSpiders\Servlets\Servlets\src\main\resources
2023-12-23 00:57:17,605 [Worker-33: Building] INFO  o.e.m.c.i.embedder.EclipseLogger - Using 'UTF-8' encoding to copy filtered resources.
2023-12-23 00:57:17,606 [Worker-33: Building] INFO  o.e.m.c.i.embedder.EclipseLogger - skip non existing resourceDirectory D:\Krishna Sai\PROGRAMING\QSpiders\Servlets\Servlets\src\test\resources
2023-12-23 01:06:39,491 [Worker-4: Loading available Gradle versions] INFO  o.e.b.c.i.u.g.PublishedGradleVersions - Gradle version information cache is up-to-date. Trying to read.
2024-01-24 20:13:05,916 [Worker-1: Loading available Gradle versions] INFO  o.e.b.c.i.u.g.PublishedGradleVersions - Gradle version information cache is up-to-date. Trying to read.
